
================================================================
======== txAdmin starting - 4/20/2021, 12:47:19 PM
================================================================

================================================================
======== txAdmin starting - 4/21/2021, 11:59:09 AM
================================================================
[12:06:55][127.0.0.1][swanky_branches] Changing global settings via setup stepper and started Deployer.
[12:08:25][127.0.0.1][swanky_branches] Setting recipe.
[12:26:33][127.0.0.1][swanky_branches] Changing global settings via setup stepper and started Deployer.
[12:27:14][127.0.0.1][swanky_branches] Setting recipe.
[12:41:27][127.0.0.1][swanky_branches] Running recipe.
[12:44:02][127.0.0.1][swanky_branches] Configured server.cfg from deployer.
[12:44:02][127.0.0.1][swanky_branches] Completed and committed server deploy.
[13:34:57][MONITOR] Restarting server (server close detected).
[13:35:58][MONITOR] Restarting server (server close detected).

================================================================
======== txAdmin starting - 4/21/2021, 2:34:01 PM
================================================================

================================================================
======== txAdmin starting - 4/21/2021, 4:42:38 PM
================================================================
[16:44:08][MONITOR] Restarting server (server close detected).

================================================================
======== txAdmin starting - 4/21/2021, 5:03:49 PM
================================================================

================================================================
======== txAdmin starting - 4/21/2021, 8:11:18 PM
================================================================

================================================================
======== txAdmin starting - 4/21/2021, 9:27:26 PM
================================================================

================================================================
======== txAdmin starting - 4/21/2021, 9:29:26 PM
================================================================

================================================================
======== txAdmin starting - 4/21/2021, 10:03:50 PM
================================================================

================================================================
======== txAdmin starting - 4/21/2021, 10:52:32 PM
================================================================

================================================================
======== txAdmin starting - 4/21/2021, 10:58:38 PM
================================================================

================================================================
======== txAdmin starting - 4/21/2021, 11:00:36 PM
================================================================

================================================================
======== txAdmin starting - 4/21/2021, 11:04:33 PM
================================================================

================================================================
======== txAdmin starting - 4/22/2021, 9:12:25 AM
================================================================

================================================================
======== txAdmin starting - 4/22/2021, 9:22:52 AM
================================================================

================================================================
======== txAdmin starting - 4/22/2021, 12:01:00 PM
================================================================

================================================================
======== txAdmin starting - 4/22/2021, 12:17:05 PM
================================================================

================================================================
======== txAdmin starting - 4/22/2021, 12:26:08 PM
================================================================

================================================================
======== txAdmin starting - 4/22/2021, 12:37:38 PM
================================================================

================================================================
======== txAdmin starting - 4/22/2021, 12:50:13 PM
================================================================

================================================================
======== txAdmin starting - 4/22/2021, 1:05:14 PM
================================================================

================================================================
======== txAdmin starting - 4/22/2021, 1:14:08 PM
================================================================

================================================================
======== txAdmin starting - 4/22/2021, 1:37:11 PM
================================================================

================================================================
======== txAdmin starting - 4/22/2021, 2:32:04 PM
================================================================

================================================================
======== txAdmin starting - 4/22/2021, 3:22:25 PM
================================================================
[15:24:17][MONITOR] Restarting server (server close detected).

================================================================
======== txAdmin starting - 4/22/2021, 3:26:45 PM
================================================================

================================================================
======== txAdmin starting - 4/22/2021, 3:36:18 PM
================================================================

================================================================
======== txAdmin starting - 4/22/2021, 4:02:48 PM
================================================================

================================================================
======== txAdmin starting - 4/22/2021, 4:25:11 PM
================================================================

================================================================
======== txAdmin starting - 4/22/2021, 4:36:23 PM
================================================================

================================================================
======== txAdmin starting - 4/22/2021, 4:51:23 PM
================================================================

================================================================
======== txAdmin starting - 4/22/2021, 5:15:05 PM
================================================================
[17:15:11][MONITOR] Restarting server (server close detected).

================================================================
======== txAdmin starting - 4/22/2021, 5:38:08 PM
================================================================

================================================================
======== txAdmin starting - 4/22/2021, 7:07:58 PM
================================================================

================================================================
======== txAdmin starting - 4/22/2021, 7:11:09 PM
================================================================

================================================================
======== txAdmin starting - 4/22/2021, 7:14:38 PM
================================================================

================================================================
======== txAdmin starting - 4/22/2021, 9:37:28 PM
================================================================

================================================================
======== txAdmin starting - 4/22/2021, 9:45:11 PM
================================================================

================================================================
======== txAdmin starting - 4/23/2021, 12:33:40 PM
================================================================
[12:39:13][MONITOR] Restarting server (server close detected).

================================================================
======== txAdmin starting - 4/23/2021, 12:41:05 PM
================================================================

================================================================
======== txAdmin starting - 4/23/2021, 12:45:56 PM
================================================================

================================================================
======== txAdmin starting - 4/23/2021, 12:49:41 PM
================================================================

================================================================
======== txAdmin starting - 4/23/2021, 2:13:59 PM
================================================================

================================================================
======== txAdmin starting - 4/23/2021, 2:16:47 PM
================================================================

================================================================
======== txAdmin starting - 4/23/2021, 2:19:14 PM
================================================================

================================================================
======== txAdmin starting - 4/23/2021, 2:22:04 PM
================================================================

================================================================
======== txAdmin starting - 4/23/2021, 2:28:13 PM
================================================================

================================================================
======== txAdmin starting - 4/23/2021, 3:35:54 PM
================================================================

================================================================
======== txAdmin starting - 4/23/2021, 4:13:52 PM
================================================================

================================================================
======== txAdmin starting - 4/23/2021, 4:52:11 PM
================================================================

================================================================
======== txAdmin starting - 4/23/2021, 5:17:02 PM
================================================================

================================================================
======== txAdmin starting - 4/23/2021, 5:17:51 PM
================================================================

================================================================
======== txAdmin starting - 4/23/2021, 7:30:08 PM
================================================================
[19:34:41][MONITOR] Restarting server (server close detected).

================================================================
======== txAdmin starting - 4/23/2021, 7:41:31 PM
================================================================

================================================================
======== txAdmin starting - 4/24/2021, 2:03:36 PM
================================================================

================================================================
======== txAdmin starting - 4/24/2021, 2:27:10 PM
================================================================

================================================================
======== txAdmin starting - 4/24/2021, 2:32:31 PM
================================================================

================================================================
======== txAdmin starting - 4/24/2021, 2:51:40 PM
================================================================

================================================================
======== txAdmin starting - 4/25/2021, 3:56:01 PM
================================================================

================================================================
======== txAdmin starting - 4/25/2021, 4:11:21 PM
================================================================

================================================================
======== txAdmin starting - 4/25/2021, 4:19:45 PM
================================================================

================================================================
======== txAdmin starting - 5/8/2021, 8:02:01 PM
================================================================

================================================================
======== txAdmin starting - 5/8/2021, 8:18:30 PM
================================================================

================================================================
======== txAdmin starting - 5/8/2021, 8:29:36 PM
================================================================

================================================================
======== txAdmin starting - 5/8/2021, 8:54:51 PM
================================================================

================================================================
======== txAdmin starting - 5/8/2021, 8:59:04 PM
================================================================

================================================================
======== txAdmin starting - 5/8/2021, 9:12:09 PM
================================================================

================================================================
======== txAdmin starting - 5/8/2021, 9:38:12 PM
================================================================

================================================================
======== txAdmin starting - 5/8/2021, 9:44:31 PM
================================================================

================================================================
======== txAdmin starting - 5/8/2021, 9:45:02 PM
================================================================

================================================================
======== txAdmin starting - 5/8/2021, 9:52:44 PM
================================================================

================================================================
======== txAdmin starting - 5/10/2021, 8:13:49 PM
================================================================

================================================================
======== txAdmin starting - 5/10/2021, 8:45:42 PM
================================================================

================================================================
======== txAdmin starting - 5/10/2021, 8:54:57 PM
================================================================

================================================================
======== txAdmin starting - 5/10/2021, 9:04:49 PM
================================================================

================================================================
======== txAdmin starting - 5/10/2021, 9:16:20 PM
================================================================

================================================================
======== txAdmin starting - 5/10/2021, 9:36:42 PM
================================================================

================================================================
======== txAdmin starting - 5/11/2021, 11:16:30 AM
================================================================

================================================================
======== txAdmin starting - 5/11/2021, 11:18:55 AM
================================================================

================================================================
======== txAdmin starting - 5/11/2021, 11:21:22 AM
================================================================

================================================================
======== txAdmin starting - 5/11/2021, 11:24:03 AM
================================================================

================================================================
======== txAdmin starting - 5/11/2021, 11:38:48 AM
================================================================

================================================================
======== txAdmin starting - 5/11/2021, 11:52:40 AM
================================================================

================================================================
======== txAdmin starting - 5/11/2021, 12:30:12 PM
================================================================

================================================================
======== txAdmin starting - 5/11/2021, 12:36:23 PM
================================================================

================================================================
======== txAdmin starting - 5/11/2021, 12:40:36 PM
================================================================

================================================================
======== txAdmin starting - 5/11/2021, 12:52:58 PM
================================================================

================================================================
======== txAdmin starting - 5/11/2021, 1:08:35 PM
================================================================

================================================================
======== txAdmin starting - 5/11/2021, 1:20:20 PM
================================================================

================================================================
======== txAdmin starting - 5/11/2021, 1:26:23 PM
================================================================

================================================================
======== txAdmin starting - 5/11/2021, 1:31:24 PM
================================================================

================================================================
======== txAdmin starting - 5/11/2021, 1:39:55 PM
================================================================

================================================================
======== txAdmin starting - 5/11/2021, 1:45:05 PM
================================================================

================================================================
======== txAdmin starting - 5/11/2021, 1:48:32 PM
================================================================

================================================================
======== txAdmin starting - 5/11/2021, 1:50:52 PM
================================================================

================================================================
======== txAdmin starting - 5/11/2021, 1:56:26 PM
================================================================

================================================================
======== txAdmin starting - 5/11/2021, 2:05:54 PM
================================================================

================================================================
======== txAdmin starting - 5/11/2021, 2:09:54 PM
================================================================

================================================================
======== txAdmin starting - 5/11/2021, 3:13:49 PM
================================================================

================================================================
======== txAdmin starting - 5/11/2021, 3:33:34 PM
================================================================

================================================================
======== txAdmin starting - 5/11/2021, 3:39:22 PM
================================================================

================================================================
======== txAdmin starting - 5/11/2021, 4:04:51 PM
================================================================

================================================================
======== txAdmin starting - 5/11/2021, 4:07:00 PM
================================================================

================================================================
======== txAdmin starting - 5/11/2021, 4:30:09 PM
================================================================

================================================================
======== txAdmin starting - 5/11/2021, 4:55:55 PM
================================================================

================================================================
======== txAdmin starting - 5/11/2021, 6:57:59 PM
================================================================

================================================================
======== txAdmin starting - 5/11/2021, 8:26:28 PM
================================================================

================================================================
======== txAdmin starting - 5/12/2021, 10:15:46 AM
================================================================

================================================================
======== txAdmin starting - 5/12/2021, 10:19:44 AM
================================================================

================================================================
======== txAdmin starting - 5/12/2021, 10:44:49 AM
================================================================

================================================================
======== txAdmin starting - 5/12/2021, 10:50:42 AM
================================================================

================================================================
======== txAdmin starting - 5/12/2021, 11:49:43 AM
================================================================

================================================================
======== txAdmin starting - 5/12/2021, 12:23:10 PM
================================================================

================================================================
======== txAdmin starting - 5/12/2021, 12:31:05 PM
================================================================

================================================================
======== txAdmin starting - 5/12/2021, 12:36:39 PM
================================================================

================================================================
======== txAdmin starting - 5/12/2021, 12:40:59 PM
================================================================

================================================================
======== txAdmin starting - 5/12/2021, 12:45:50 PM
================================================================

================================================================
======== txAdmin starting - 5/12/2021, 1:25:23 PM
================================================================

================================================================
======== txAdmin starting - 5/12/2021, 1:43:42 PM
================================================================

================================================================
======== txAdmin starting - 5/12/2021, 2:01:36 PM
================================================================

================================================================
======== txAdmin starting - 5/12/2021, 2:03:21 PM
================================================================

================================================================
======== txAdmin starting - 5/12/2021, 2:20:06 PM
================================================================

================================================================
======== txAdmin starting - 5/12/2021, 2:23:21 PM
================================================================

================================================================
======== txAdmin starting - 5/12/2021, 2:52:36 PM
================================================================

================================================================
======== txAdmin starting - 5/12/2021, 2:55:55 PM
================================================================

================================================================
======== txAdmin starting - 5/12/2021, 3:40:39 PM
================================================================

================================================================
======== txAdmin starting - 5/12/2021, 3:48:41 PM
================================================================

================================================================
======== txAdmin starting - 5/12/2021, 4:01:00 PM
================================================================
