
================================================================
======== FXServer starting - 5/12/2021, 4:01:04 PM
================================================================
[38;5;161m[    c-scripting-core] Creating script environments for _cfx_internal
[38;5;73m[ citizen-server-impl] Scanning resources.
[38;5;73m[ citizen-server-impl] Found 90 resources.
[38;5;73m[ citizen-server-impl] Some resources have an outdated resource manifest:
[38;5;73m[ citizen-server-impl]     - baseevents
[38;5;73m[ citizen-server-impl]     - esx_liquor
[38;5;73m[ citizen-server-impl]     - progressBars
[38;5;73m[ citizen-server-impl]     - sessionmanager
[38;5;73m[ citizen-server-impl] 
[38;5;73m[ citizen-server-impl] Please update these resources.
[38;5;161m[    c-scripting-core] Creating script environments for sessionmanager
[38;5;73m[ citizen-server-impl] Started resource sessionmanager
[38;5;161m[    c-scripting-core] Creating script environments for monitor
[38;5;84m[      script:monitor] [txAdminClient] Version 3.6.4 starting...
[38;5;73m[ citizen-server-impl] Started resource monitor
[38;5;161m[    c-scripting-core] Creating script environments for mapmanager
[38;5;73m[ citizen-server-impl] Started resource mapmanager
[38;5;161m[    c-scripting-core] Creating script environments for yarn
[38;5;73m[ citizen-server-impl] Started resource yarn
[38;5;161m[    c-scripting-core] Creating script environments for webpack
[38;5;73m[ citizen-server-impl] Started resource webpack
[38;5;161m[    c-scripting-core] Creating script environments for chat
[38;5;73m[ citizen-server-impl] Started resource chat
[38;5;73m[ citizen-server-impl] Started resource spawnmanager
[38;5;161m[    c-scripting-core] Creating script environments for hardcap
[38;5;73m[ citizen-server-impl] Started resource hardcap
[38;5;154m[   script:mapmanager] Started gametype Freeroam
[38;5;73m[ citizen-server-impl] Started resource basic-gamemode
[38;5;154m[   script:mapmanager] Started map default_spawnpoint
[38;5;73m[ citizen-server-impl] Started resource default_spawnpoint
[38;5;161m[    c-scripting-core] Creating script environments for mysql-async
[38;5;73m[ citizen-server-impl] Started resource mysql-async
[38;5;161m[    c-scripting-core] Creating script environments for cron
[38;5;73m[ citizen-server-impl] Started resource cron
[38;5;161m[    c-scripting-core] Creating script environments for instance
[38;5;73m[ citizen-server-impl] Started resource instance
[38;5;73m[ citizen-server-impl] Started resource skinchanger
[38;5;161m[    c-scripting-core] Creating script environments for async
[38;5;73m[ citizen-server-impl] Started resource async
[38;5;161m[    c-scripting-core] Creating script environments for es_extended
[38;5;73m[ citizen-server-impl] Started resource es_extended
[38;5;73m[ citizen-server-impl] Started resource esx_menu_default
[38;5;73m[ citizen-server-impl] Started resource esx_menu_dialog
[38;5;73m[ citizen-server-impl] Started resource esx_menu_list
[38;5;161m[    c-scripting-core] Creating script environments for esx_datastore
[38;5;73m[ citizen-server-impl] Started resource esx_datastore
[38;5;161m[    c-scripting-core] Creating script environments for esx_identity
[38;5;73m[ citizen-server-impl] Started resource esx_identity
[38;5;161m[    c-scripting-core] Creating script environments for esx_skin
[38;5;73m[ citizen-server-impl] Started resource esx_skin
[38;5;161m[    c-scripting-core] Creating script environments for esx_status
[38;5;73m[ citizen-server-impl] Started resource esx_status
[38;5;161m[    c-scripting-core] Creating script environments for esx_basicneeds
[38;5;73m[ citizen-server-impl] Started resource esx_basicneeds
[38;5;161m[    c-scripting-core] Creating script environments for esx_billing
[38;5;73m[ citizen-server-impl] Started resource esx_billing
[38;5;161m[    c-scripting-core] Creating script environments for esx_addoninventory
[38;5;73m[ citizen-server-impl] Started resource esx_addoninventory
[38;5;161m[    c-scripting-core] Creating script environments for esx_addonaccount
[38;5;73m[ citizen-server-impl] Started resource esx_addonaccount
[38;5;161m[    c-scripting-core] Creating script environments for esx_society
[38;5;73m[ citizen-server-impl] Started resource esx_society
[38;5;161m[    c-scripting-core] Creating script environments for esx_license
[38;5;73m[ citizen-server-impl] Started resource esx_license
[38;5;161m[    c-scripting-core] Creating script environments for esx_service
[38;5;73m[ citizen-server-impl] Started resource esx_service
[38;5;161m[    c-scripting-core] Creating script environments for esx_jobs
[38;5;73m[ citizen-server-impl] Started resource esx_jobs
[38;5;161m[    c-scripting-core] Creating script environments for esx_joblisting
[38;5;73m[ citizen-server-impl] Started resource esx_joblisting
[38;5;161m[    c-scripting-core] Creating script environments for esx_vehicleshop
[38;5;73m[ citizen-server-impl] Started resource esx_vehicleshop
[38;5;161m[    c-scripting-core] Creating script environments for esx_policejob
[38;5;73m[ citizen-server-impl] Started resource esx_policejob
[38;5;161m[    c-scripting-core] Creating script environments for esx_ambulancejob
[38;5;73m[ citizen-server-impl] Started resource esx_ambulancejob
[38;5;161m[    c-scripting-core] Creating script environments for esx_mechanicjob
[38;5;73m[ citizen-server-impl] Started resource esx_mechanicjob
[38;5;161m[    c-scripting-core] Creating script environments for esx_taxijob
[38;5;73m[ citizen-server-impl] Started resource esx_taxijob
[38;5;161m[    c-scripting-core] Creating script environments for esx_lscustom
[38;5;73m[ citizen-server-impl] Started resource esx_lscustom
[38;5;161m[    c-scripting-core] Creating script environments for esx_atm
[38;5;73m[ citizen-server-impl] Started resource esx_atm
[38;5;161m[    c-scripting-core] Creating script environments for esx_shops
[38;5;73m[ citizen-server-impl] Started resource esx_shops
[38;5;161m[    c-scripting-core] Creating script environments for esx_weaponshop
[38;5;73m[ citizen-server-impl] Started resource esx_weaponshop
[38;5;161m[    c-scripting-core] Creating script environments for esx_clotheshop
[38;5;73m[ citizen-server-impl] Started resource esx_clotheshop
[38;5;161m[    c-scripting-core] Creating script environments for esx_barbershop
[38;5;73m[ citizen-server-impl] Started resource esx_barbershop
[38;5;161m[    c-scripting-core] Creating script environments for esx_drugs
[38;5;73m[ citizen-server-impl] Started resource esx_drugs
[38;5;161m[    c-scripting-core] Creating script environments for esx_holdup
[38;5;73m[ citizen-server-impl] Started resource esx_holdup
[38;5;161m[    c-scripting-core] Creating script environments for esx_vehiclelock
[38;5;73m[ citizen-server-impl] Started resource esx_vehiclelock
[38;5;161m[    c-scripting-core] Creating script environments for disc-base
[38;5;73m[ citizen-server-impl] Started resource disc-base
[38;5;161m[    c-scripting-core] Creating script environments for disc-ammo
[38;5;73m[ citizen-server-impl] Started resource disc-ammo
[38;5;73m[ citizen-server-impl] Started resource vehcontrol
[38;5;161m[    c-scripting-core] Creating script environments for trew_hud_ui
[38;5;73m[ citizen-server-impl] Started resource trew_hud_ui
[38;5;161m[    c-scripting-core] Creating script environments for LegacyFuel
[38;5;73m[ citizen-server-impl] Started resource LegacyFuel
[38;5;161m[    c-scripting-core] Creating script environments for esx_property
[38;5;73m[ citizen-server-impl] Started resource esx_property
[38;5;161m[    c-scripting-core] Creating script environments for esx_licenseshop
[38;5;73m[ citizen-server-impl] Started resource esx_licenseshop
[38;5;161m[    c-scripting-core] Creating script environments for esx_dmvschool
[38;5;73m[ citizen-server-impl] Started resource esx_dmvschool
[38;5;161m[    c-scripting-core] Creating script environments for esx_advancedvehicleshop
[38;5;73m[ citizen-server-impl] Started resource esx_advancedvehicleshop
[38;5;161m[    c-scripting-core] Creating script environments for esx_advancedgarage
[38;5;73m[ citizen-server-impl] Started resource esx_advancedgarage
[38;5;161m[    c-scripting-core] Creating script environments for conde-b1g_inventory
[38;5;73m[ citizen-server-impl] Started resource conde-b1g_inventory
[38;5;73m[ citizen-server-impl] Started resource progressBars
[38;5;161m[    c-scripting-core] Creating script environments for tunerchip
[38;5;73m[ citizen-server-impl] Started resource tunerchip
[38;5;161m[    c-scripting-core] Creating script environments for dpemotes
[38;5;73m[ citizen-server-impl] Started resource dpemotes
[38;5;161m[    c-scripting-core] Creating script environments for ReducedNPCs
[38;5;160m[  script:ReducedNPCs] ReducedNPCs loaded! Made by man0s (https://github.com/man0s)
[38;5;73m[ citizen-server-impl] Started resource ReducedNPCs
[38;5;161m[    c-scripting-core] Creating script environments for esx_optionalneeds
[38;5;73m[ citizen-server-impl] Started resource esx_optionalneeds
[38;5;73m[ citizen-server-impl] Started resource bob74_ipl
[38;5;161m[    c-scripting-core] Creating script environments for esx_adminplus
[38;5;73m[ citizen-server-impl] Started resource esx_adminplus
[38;5;161m[    c-scripting-core] Creating script environments for gcphone
[38;5;73m[ citizen-server-impl] Started resource gcphone
[38;5;161m[    c-scripting-core] Creating script environments for Kl_HudV2
[38;5;73m[ citizen-server-impl] Started resource Kl_HudV2
[38;5;73m[ citizen-server-impl] Started resource loadingscreen
[38;5;73m[ citizen-server-impl] Started resource simpledrift
[38;5;161m[    c-scripting-core] Creating script environments for EasyAdmin
[38;5;73m[ citizen-server-impl] Started resource EasyAdmin
[38;5;66m[          svadhesive] Authenticating server license key...
[38;5;159m[  script:mysql-async] [mysql-async] [SUCCESS] Database server connection established.
[38;5;84m[      script:monitor] [txAdminClient] Threads and commands set up. All Ready.
[38;5;220m[  script:es_extended] [es_extended] [INFO] ESX developed by ESX-Org has been initialized
[38;5;133m[     script:dpemotes] 
[38;5;133m[     script:dpemotes] dp Emotes (dpemotes) is up to date. (173)
[38;5;128m[    script:EasyAdmin] 
[38;5;128m[    script:EasyAdmin] --------------------------------------------------------------------------
[38;5;128m[    script:EasyAdmin] 
[38;5;128m[    script:EasyAdmin] EasyAdmin (EasyAdmin) is outdated.
[38;5;128m[    script:EasyAdmin] Newest Version: 5.901
[38;5;128m[    script:EasyAdmin] Your Version: 5.603
[38;5;128m[    script:EasyAdmin] Please update it from https://github.com/Blumlaut/EasyAdmin
[38;5;128m[    script:EasyAdmin] 
[38;5;128m[    script:EasyAdmin] Update Changelog:
[38;5;128m[    script:EasyAdmin] Plugin Support! Buy Plugins from https://blumlaut.tebex.io/
[38;5;128m[    script:EasyAdmin] 
[38;5;128m[    script:EasyAdmin] --------------------------------------------------------------------------
[38;5;128m[    script:EasyAdmin] 
[38;5;128m[    script:EasyAdmin] EasyAdmin: screenshot-basic is not installed on this Server, screenshots unavailable
[38;5;66m[          svadhesive] Server license key authentication succeeded. Welcome!
[38;5;73m[ citizen-server-impl]         fff                          
[38;5;73m[ citizen-server-impl]   cccc ff   xx  xx     rr rr    eee  
[38;5;73m[ citizen-server-impl] cc     ffff   xx       rrr  r ee   e 
[38;5;73m[ citizen-server-impl] cc     ff     xx   ... rr     eeeee  
[38;5;73m[ citizen-server-impl]  ccccc ff   xx  xx ... rr      eeeee 
[38;5;73m[ citizen-server-impl]                                      
[38;5;73m[ citizen-server-impl] Authenticated with cfx.re Nucleus: https://swanky-branches-eox7qp.users.cfx.re/
[38;5;73m[ citizen-server-impl] -- [server notice: tebex_not_set]
[38;5;73m[ citizen-server-impl] ================
[38;5;73m[ citizen-server-impl] Monetize your server using Tebex! Visit https://tebex.io/fivem for more info.
[38;5;73m[ citizen-server-impl] ================
[38;5;73m[ citizen-server-impl] 
[38;5;73m[ citizen-server-impl] sync thread hitch warning: timer interval of 115 milliseconds
[38;5;73m[ citizen-server-impl] sync thread hitch warning: timer interval of 122 milliseconds
[38;5;73m[ citizen-server-impl] server thread hitch warning: timer interval of 172 milliseconds
[38;5;73m[ citizen-server-impl] sync thread hitch warning: timer interval of 127 milliseconds
[38;5;73m[ citizen-server-impl] sync thread hitch warning: timer interval of 118 milliseconds
[38;5;73m[ citizen-server-impl] sync thread hitch warning: timer interval of 122 milliseconds
[38;5;73m[ citizen-server-impl] server thread hitch warning: timer interval of 160 milliseconds
[38;5;73m[ citizen-server-impl] server thread hitch warning: timer interval of 151 milliseconds
[38;5;73m[ citizen-server-impl] sync thread hitch warning: timer interval of 117 milliseconds
[38;5;73m[ citizen-server-impl] sync thread hitch warning: timer interval of 122 milliseconds
[38;5;73m[ citizen-server-impl] sync thread hitch warning: timer interval of 105 milliseconds
[38;5;73m[ citizen-server-impl] sync thread hitch warning: timer interval of 104 milliseconds
[38;5;73m[ citizen-server-impl] sync thread hitch warning: timer interval of 141 milliseconds
[38;5;73m[ citizen-server-impl] sync thread hitch warning: timer interval of 178 milliseconds
[38;5;73m[ citizen-server-impl] network thread hitch warning: timer interval of 178 milliseconds
[38;5;73m[ citizen-server-impl] server thread hitch warning: timer interval of 170 milliseconds
[38;5;73m[ citizen-server-impl] sync thread hitch warning: timer interval of 123 milliseconds
[38;5;73m[ citizen-server-impl] sync thread hitch warning: timer interval of 110 milliseconds
[38;5;134m[      script:hardcap] Connecting: swanky
[38;5;73m[ citizen-server-impl] sync thread hitch warning: timer interval of 104 milliseconds
[38;5;73m[ citizen-server-impl] Sending heartbeat to https://servers-ingress-live.fivem.net/ingress
[38;5;220m[  script:es_extended] [es_extended] [INFO] A player with name "Opal Maple" has connected to the server with assigned player id 1
[38;5;73m[ citizen-server-impl] Sending heartbeat to https://servers-ingress-live.fivem.net/ingress
[38;5;220m[  script:es_extended] [es_extended] [INFO] Saved player "Opal Maple"
